mode: set
_/Users/bestbug/projects/gorprop+/activationfunction.go:7.52,9.2 1 1
_/Users/bestbug/projects/gorprop+/activationfunction.go:11.60,13.2 1 1
_/Users/bestbug/projects/gorprop+/activationfunction.go:15.44,17.2 1 1
_/Users/bestbug/projects/gorprop+/activationfunction.go:19.52,21.2 1 1
_/Users/bestbug/projects/gorprop+/errorfunction.go:8.54,10.2 1 1
_/Users/bestbug/projects/gorprop+/errorfunction.go:12.62,14.2 1 1
_/Users/bestbug/projects/gorprop+/errorfunction.go:17.53,21.2 3 1
_/Users/bestbug/projects/gorprop+/errorfunction.go:23.61,27.2 3 0
_/Users/bestbug/projects/gorprop+/rpropplus.go:44.84,46.60 2 1
_/Users/bestbug/projects/gorprop+/rpropplus.go:75.2,87.8 1 1
_/Users/bestbug/projects/gorprop+/rpropplus.go:46.60,51.17 5 0
_/Users/bestbug/projects/gorprop+/rpropplus.go:51.17,53.4 1 0
_/Users/bestbug/projects/gorprop+/rpropplus.go:54.3,59.46 5 1
_/Users/bestbug/projects/gorprop+/rpropplus.go:63.3,67.37 5 1
_/Users/bestbug/projects/gorprop+/rpropplus.go:59.46,62.4 2 0
_/Users/bestbug/projects/gorprop+/rpropplus.go:67.37,69.18 2 1
_/Users/bestbug/projects/gorprop+/rpropplus.go:69.18,71.5 1 0
_/Users/bestbug/projects/gorprop+/rpropplus.go:94.72,96.2 1 0
_/Users/bestbug/projects/gorprop+/rpropplus.go:100.90,102.2 1 0
_/Users/bestbug/projects/gorprop+/rpropplus.go:111.98,113.16 2 0
_/Users/bestbug/projects/gorprop+/rpropplus.go:116.2,116.88 1 0
_/Users/bestbug/projects/gorprop+/rpropplus.go:113.16,115.3 1 0
_/Users/bestbug/projects/gorprop+/rpropplus.go:122.68,124.2 1 0
_/Users/bestbug/projects/gorprop+/utility.go:8.44,10.36 2 1
_/Users/bestbug/projects/gorprop+/utility.go:13.2,13.16 1 1
_/Users/bestbug/projects/gorprop+/utility.go:10.36,12.3 1 1
_/Users/bestbug/projects/gorprop+/utility.go:16.71,18.35 2 1
_/Users/bestbug/projects/gorprop+/utility.go:27.2,27.20 1 1
_/Users/bestbug/projects/gorprop+/utility.go:18.35,20.39 2 1
_/Users/bestbug/projects/gorprop+/utility.go:20.39,21.24 1 1
_/Users/bestbug/projects/gorprop+/utility.go:24.4,24.29 1 1
_/Users/bestbug/projects/gorprop+/utility.go:21.24,23.5 1 0
